<?xml version="1.0" encoding="UTF-8"?>
<!-- Generated by org.testng.reporters.JUnitReportReporter -->
<testsuite skipped="0" hostname="INLT1716" name="GoogleFeatureTest" tests="2" failures="0" timestamp="28 Jan 2021 05:07:49 GMT" time="13.740" errors="0">
  <testcase name="googleMailLinkTest" time="6.597" classname="GoogleFeatureTest"/>
  <testcase name="titleTest" time="7.143" classname="GoogleFeatureTest"/>
</testsuite> <!-- GoogleFeatureTest -->
