<?xml version="1.0" encoding="UTF-8"?>
<!-- Generated by org.testng.reporters.JUnitReportReporter -->
<testsuite skipped="0" hostname="INLT1716" name="NewTestNG" tests="3" failures="0" timestamp="28 Jan 2021 05:07:49 GMT" time="0.021" errors="0">
  <testcase name="googleMailTest" time="0.008" classname="NewTestNG"/>
  <testcase name="googleTitleTest" time="0.010" classname="NewTestNG"/>
  <testcase name="googleLogoTest" time="0.003" classname="NewTestNG"/>
</testsuite> <!-- NewTestNG -->
