<?xml version="1.0" encoding="UTF-8"?>
<!-- Generated by org.testng.reporters.JUnitReportReporter -->
<testsuite skipped="0" hostname="INLT1716" name="DataProviderTest" tests="2" failures="0" timestamp="27 Jan 2021 18:18:32 GMT" time="18.306" errors="0">
  <testcase name="createTestData" time="9.102" classname="DataProviderTest"/>
  <testcase name="createTestData" time="9.204" classname="DataProviderTest"/>
</testsuite> <!-- DataProviderTest -->
