<?xml version="1.0" encoding="UTF-8"?>
<!-- Generated by org.testng.reporters.JUnitReportReporter -->
<testsuite skipped="0" hostname="INLT1716" name="TestNG" tests="1" failures="0" timestamp="28 Jan 2021 05:07:49 GMT" time="6.046" errors="0">
  <testcase name="testTitle" time="6.046" classname="TestNG"/>
</testsuite> <!-- TestNG -->
