<?xml version="1.0" encoding="UTF-8"?>
<!-- Generated by org.testng.reporters.JUnitReportReporter -->
<testsuite skipped="0" hostname="INLT1716" name="ExpectedException" tests="1" failures="0" timestamp="28 Jan 2021 05:07:49 GMT" time="0.000" errors="0">
  <testcase name="test" time="0.000" classname="ExpectedException"/>
</testsuite> <!-- ExpectedException -->
